# JRE version: Java(TM) SE Runtime Environment (8.0_65-b17) (build 1.8.0_65-b17)
# Java VM: Java HotSpot(TM) 64-Bit Server VM (25.65-b01 mixed mode windows-amd64 compressed oops)
Heap:
 PSYoungGen      total 531968K, used 320991K [0x000000076af80000, 0x000000078c180000, 0x00000007c0000000)
  eden space 521216K, 60% used [0x000000076af80000,0x000000077e24ec40,0x000000078ac80000)
  from space 10752K, 63% used [0x000000078b700000,0x000000078bda9148,0x000000078c180000)
  to   space 10752K, 0% used [0x000000078ac80000,0x000000078ac80000,0x000000078b700000)
 ParOldGen       total 175104K, used 7266K [0x00000006c0e00000, 0x00000006cb900000, 0x000000076af80000)
  object space 175104K, 4% used [0x00000006c0e00000,0x00000006c1518bc0,0x00000006cb900000)
 Metaspace       used 16172K, capacity 16376K, committed 16640K, reserved 1064960K
  class space    used 1660K, capacity 1762K, committed 1792K, reserved 1048576K
GC Heap History (10 events):
Event: 4.250 GC heap before
{Heap before GC invocations=4 (full 0):
 PSYoungGen      total 76288K, used 71365K [0x000000076af80000, 0x0000000774480000, 0x00000007c0000000)
  eden space 65536K, 100% used [0x000000076af80000,0x000000076ef80000,0x000000076ef80000)
  from space 10752K, 54% used [0x000000076ef80000,0x000000076f5315a0,0x000000076fa00000)
  to   space 10752K, 0% used [0x0000000773a00000,0x0000000773a00000,0x0000000774480000)
 ParOldGen       total 175104K, used 32K [0x00000006c0e00000, 0x00000006cb900000, 0x000000076af80000)
  object space 175104K, 0% used [0x00000006c0e00000,0x00000006c0e08000,0x00000006cb900000)
 Metaspace       used 15947K, capacity 16152K, committed 16384K, reserved 1064960K
  class space    used 1643K, capacity 1730K, committed 1792K, reserved 1048576K
Event: 4.255 GC heap after
Heap after GC invocations=4 (full 0):
 PSYoungGen      total 141824K, used 6685K [0x000000076af80000, 0x0000000774480000, 0x00000007c0000000)
  eden space 131072K, 0% used [0x000000076af80000,0x000000076af80000,0x0000000772f80000)
  from space 10752K, 62% used [0x0000000773a00000,0x00000007740876b8,0x0000000774480000)
  to   space 10752K, 0% used [0x0000000772f80000,0x0000000772f80000,0x0000000773a00000)
 ParOldGen       total 175104K, used 40K [0x00000006c0e00000, 0x00000006cb900000, 0x000000076af80000)
  object space 175104K, 0% used [0x00000006c0e00000,0x00000006c0e0a000,0x00000006cb900000)
 Metaspace       used 15947K, capacity 16152K, committed 16384K, reserved 1064960K
  class space    used 1643K, capacity 1730K, committed 1792K, reserved 1048576K
}
Event: 4.346 GC heap before
{Heap before GC invocations=5 (full 0):
 PSYoungGen      total 141824K, used 137757K [0x000000076af80000, 0x0000000774480000, 0x00000007c0000000)
  eden space 131072K, 100% used [0x000000076af80000,0x0000000772f80000,0x0000000772f80000)
  from space 10752K, 62% used [0x0000000773a00000,0x00000007740876b8,0x0000000774480000)
  to   space 10752K, 0% used [0x0000000772f80000,0x0000000772f80000,0x0000000773a00000)
 ParOldGen       total 175104K, used 40K [0x00000006c0e00000, 0x00000006cb900000, 0x000000076af80000)
  object space 175104K, 0% used [0x00000006c0e00000,0x00000006c0e0a000,0x00000006cb900000)
 Metaspace       used 15952K, capacity 16152K, committed 16384K, reserved 1064960K
  class space    used 1643K, capacity 1730K, committed 1792K, reserved 1048576K
Event: 4.352 GC heap after
Heap after GC invocations=5 (full 0):
 PSYoungGen      total 141824K, used 8570K [0x000000076af80000, 0x000000077c180000, 0x00000007c0000000)
  eden space 131072K, 0% used [0x000000076af80000,0x000000076af80000,0x0000000772f80000)
  from space 10752K, 79% used [0x0000000772f80000,0x00000007737de818,0x0000000773a00000)
  to   space 9216K, 0% used [0x000000077b880000,0x000000077b880000,0x000000077c180000)
 ParOldGen       total 175104K, used 48K [0x00000006c0e00000, 0x00000006cb900000, 0x000000076af80000)
  object space 175104K, 0% used [0x00000006c0e00000,0x00000006c0e0c000,0x00000006cb900000)
 Metaspace       used 15952K, capacity 16152K, committed 16384K, reserved 1064960K
  class space    used 1643K, capacity 1730K, committed 1792K, reserved 1048576K
}
Event: 4.423 GC heap before
{Heap before GC invocations=6 (full 0):
 PSYoungGen      total 141824K, used 139642K [0x000000076af80000, 0x000000077c180000, 0x00000007c0000000)
  eden space 131072K, 100% used [0x000000076af80000,0x0000000772f80000,0x0000000772f80000)
  from space 10752K, 79% used [0x0000000772f80000,0x00000007737de818,0x0000000773a00000)
  to   space 9216K, 0% used [0x000000077b880000,0x000000077b880000,0x000000077c180000)
 ParOldGen       total 175104K, used 48K [0x00000006c0e00000, 0x00000006cb900000, 0x000000076af80000)
  object space 175104K, 0% used [0x00000006c0e00000,0x00000006c0e0c000,0x00000006cb900000)
 Metaspace       used 15952K, capacity 16152K, committed 16384K, reserved 1064960K
  class space    used 1643K, capacity 1730K, committed 1792K, reserved 1048576K
Event: 4.431 GC heap after
Heap after GC invocations=6 (full 0):
 PSYoungGen      total 269824K, used 9202K [0x000000076af80000, 0x000000077c480000, 0x00000007c0000000)
  eden space 260608K, 0% used [0x000000076af80000,0x000000076af80000,0x000000077ae00000)
  from space 9216K, 99% used [0x000000077b880000,0x000000077c17c810,0x000000077c180000)
  to   space 10752K, 0% used [0x000000077ae00000,0x000000077ae00000,0x000000077b880000)
 ParOldGen       total 175104K, used 1320K [0x00000006c0e00000, 0x00000006cb900000, 0x000000076af80000)
  object space 175104K, 0% used [0x00000006c0e00000,0x00000006c0f4a000,0x00000006cb900000)
 Metaspace       used 15952K, capacity 16152K, committed 16384K, reserved 1064960K
  class space    used 1643K, capacity 1730K, committed 1792K, reserved 1048576K
}
Event: 4.632 GC heap before
{Heap before GC invocations=7 (full 0):
 PSYoungGen      total 269824K, used 269810K [0x000000076af80000, 0x000000077c480000, 0x00000007c0000000)
  eden space 260608K, 100% used [0x000000076af80000,0x000000077ae00000,0x000000077ae00000)
  from space 9216K, 99% used [0x000000077b880000,0x000000077c17c810,0x000000077c180000)
  to   space 10752K, 0% used [0x000000077ae00000,0x000000077ae00000,0x000000077b880000)
 ParOldGen       total 175104K, used 1320K [0x00000006c0e00000, 0x00000006cb900000, 0x000000076af80000)
  object space 175104K, 0% used [0x00000006c0e00000,0x00000006c0f4a000,0x00000006cb900000)
 Metaspace       used 15956K, capacity 16152K, committed 16384K, reserved 1064960K
  class space    used 1643K, capacity 1730K, committed 1792K, reserved 1048576K
Event: 4.641 GC heap after
Heap after GC invocations=7 (full 0):
 PSYoungGen      total 271360K, used 8115K [0x000000076af80000, 0x000000078c180000, 0x00000007c0000000)
  eden space 260608K, 0% used [0x000000076af80000,0x000000076af80000,0x000000077ae00000)
  from space 10752K, 75% used [0x000000077ae00000,0x000000077b5ecf48,0x000000077b880000)
  to   space 10752K, 0% used [0x000000078b700000,0x000000078b700000,0x000000078c180000)
 ParOldGen       total 175104K, used 5858K [0x00000006c0e00000, 0x00000006cb900000, 0x000000076af80000)
  object space 175104K, 3% used [0x00000006c0e00000,0x00000006c13b8bc0,0x00000006cb900000)
 Metaspace       used 15956K, capacity 16152K, committed 16384K, reserved 1064960K
  class space    used 1643K, capacity 1730K, committed 1792K, reserved 1048576K
}
Event: 5.097 GC heap before
{Heap before GC invocations=8 (full 0):
 PSYoungGen      total 271360K, used 268723K [0x000000076af80000, 0x000000078c180000, 0x00000007c0000000)
  eden space 260608K, 100% used [0x000000076af80000,0x000000077ae00000,0x000000077ae00000)
  from space 10752K, 75% used [0x000000077ae00000,0x000000077b5ecf48,0x000000077b880000)
  to   space 10752K, 0% used [0x000000078b700000,0x000000078b700000,0x000000078c180000)
 ParOldGen       total 175104K, used 5858K [0x00000006c0e00000, 0x00000006cb900000, 0x000000076af80000)
  object space 175104K, 3% used [0x00000006c0e00000,0x00000006c13b8bc0,0x00000006cb900000)
 Metaspace       used 16121K, capacity 16312K, committed 16640K, reserved 1064960K
  class space    used 1659K, capacity 1762K, committed 1792K, reserved 1048576K
Event: 5.103 GC heap after
Heap after GC invocations=8 (full 0):
 PSYoungGen      total 531968K, used 6820K [0x000000076af80000, 0x000000078c180000, 0x00000007c0000000)
  eden space 521216K, 0% used [0x000000076af80000,0x000000076af80000,0x000000078ac80000)
  from space 10752K, 63% used [0x000000078b700000,0x000000078bda9148,0x000000078c180000)
  to   space 10752K, 0% used [0x000000078ac80000,0x000000078ac80000,0x000000078b700000)
 ParOldGen       total 175104K, used 7266K [0x00000006c0e00000, 0x00000006cb900000, 0x000000076af80000)
  object space 175104K, 4% used [0x00000006c0e00000,0x00000006c1518bc0,0x00000006cb900000)
 Metaspace       used 16121K, capacity 16312K, committed 16640K, reserved 1064960K
  class space    used 1659K, capacity 1762K, committed 1792K, reserved 1048576K
}

