# JRE version: Java(TM) SE Runtime Environment (8.0_65-b17) (build 1.8.0_65-b17)
# Java VM: Java HotSpot(TM) 64-Bit Server VM (25.65-b01 mixed mode windows-amd64 compressed oops)
Heap:
 PSYoungGen      total 529920K, used 314146K [0x000000076af80000, 0x000000078bf80000, 0x00000007c0000000)
  eden space 520192K, 59% used [0x000000076af80000,0x000000077db93b18,0x000000078ab80000)
  from space 9728K, 70% used [0x000000078b600000,0x000000078bcb4f48,0x000000078bf80000)
  to   space 10240K, 0% used [0x000000078ab80000,0x000000078ab80000,0x000000078b580000)
 ParOldGen       total 175104K, used 7254K [0x00000006c0e00000, 0x00000006cb900000, 0x000000076af80000)
  object space 175104K, 4% used [0x00000006c0e00000,0x00000006c1515898,0x00000006cb900000)
 Metaspace       used 16210K, capacity 16440K, committed 16640K, reserved 1064960K
  class space    used 1663K, capacity 1762K, committed 1792K, reserved 1048576K
GC Heap History (10 events):
Event: 4.310 GC heap before
{Heap before GC invocations=4 (full 0):
 PSYoungGen      total 76288K, used 71378K [0x000000076af80000, 0x0000000774480000, 0x00000007c0000000)
  eden space 65536K, 100% used [0x000000076af80000,0x000000076ef80000,0x000000076ef80000)
  from space 10752K, 54% used [0x000000076ef80000,0x000000076f534b10,0x000000076fa00000)
  to   space 10752K, 0% used [0x0000000773a00000,0x0000000773a00000,0x0000000774480000)
 ParOldGen       total 175104K, used 32K [0x00000006c0e00000, 0x00000006cb900000, 0x000000076af80000)
  object space 175104K, 0% used [0x00000006c0e00000,0x00000006c0e08000,0x00000006cb900000)
 Metaspace       used 15946K, capacity 16152K, committed 16384K, reserved 1064960K
  class space    used 1645K, capacity 1730K, committed 1792K, reserved 1048576K
Event: 4.315 GC heap after
Heap after GC invocations=4 (full 0):
 PSYoungGen      total 141824K, used 6656K [0x000000076af80000, 0x0000000774480000, 0x00000007c0000000)
  eden space 131072K, 0% used [0x000000076af80000,0x000000076af80000,0x0000000772f80000)
  from space 10752K, 61% used [0x0000000773a00000,0x0000000774080158,0x0000000774480000)
  to   space 10752K, 0% used [0x0000000772f80000,0x0000000772f80000,0x0000000773a00000)
 ParOldGen       total 175104K, used 32K [0x00000006c0e00000, 0x00000006cb900000, 0x000000076af80000)
  object space 175104K, 0% used [0x00000006c0e00000,0x00000006c0e08000,0x00000006cb900000)
 Metaspace       used 15946K, capacity 16152K, committed 16384K, reserved 1064960K
  class space    used 1645K, capacity 1730K, committed 1792K, reserved 1048576K
}
Event: 4.408 GC heap before
{Heap before GC invocations=5 (full 0):
 PSYoungGen      total 141824K, used 137728K [0x000000076af80000, 0x0000000774480000, 0x00000007c0000000)
  eden space 131072K, 100% used [0x000000076af80000,0x0000000772f80000,0x0000000772f80000)
  from space 10752K, 61% used [0x0000000773a00000,0x0000000774080158,0x0000000774480000)
  to   space 10752K, 0% used [0x0000000772f80000,0x0000000772f80000,0x0000000773a00000)
 ParOldGen       total 175104K, used 32K [0x00000006c0e00000, 0x00000006cb900000, 0x000000076af80000)
  object space 175104K, 0% used [0x00000006c0e00000,0x00000006c0e08000,0x00000006cb900000)
 Metaspace       used 15950K, capacity 16152K, committed 16384K, reserved 1064960K
  class space    used 1645K, capacity 1730K, committed 1792K, reserved 1048576K
Event: 4.414 GC heap after
Heap after GC invocations=5 (full 0):
 PSYoungGen      total 141824K, used 8471K [0x000000076af80000, 0x000000077c080000, 0x00000007c0000000)
  eden space 131072K, 0% used [0x000000076af80000,0x000000076af80000,0x0000000772f80000)
  from space 10752K, 78% used [0x0000000772f80000,0x00000007737c5d98,0x0000000773a00000)
  to   space 8704K, 0% used [0x000000077b800000,0x000000077b800000,0x000000077c080000)
 ParOldGen       total 175104K, used 40K [0x00000006c0e00000, 0x00000006cb900000, 0x000000076af80000)
  object space 175104K, 0% used [0x00000006c0e00000,0x00000006c0e0a000,0x00000006cb900000)
 Metaspace       used 15950K, capacity 16152K, committed 16384K, reserved 1064960K
  class space    used 1645K, capacity 1730K, committed 1792K, reserved 1048576K
}
Event: 4.485 GC heap before
{Heap before GC invocations=6 (full 0):
 PSYoungGen      total 141824K, used 139543K [0x000000076af80000, 0x000000077c080000, 0x00000007c0000000)
  eden space 131072K, 100% used [0x000000076af80000,0x0000000772f80000,0x0000000772f80000)
  from space 10752K, 78% used [0x0000000772f80000,0x00000007737c5d98,0x0000000773a00000)
  to   space 8704K, 0% used [0x000000077b800000,0x000000077b800000,0x000000077c080000)
 ParOldGen       total 175104K, used 40K [0x00000006c0e00000, 0x00000006cb900000, 0x000000076af80000)
  object space 175104K, 0% used [0x00000006c0e00000,0x00000006c0e0a000,0x00000006cb900000)
 Metaspace       used 15950K, capacity 16152K, committed 16384K, reserved 1064960K
  class space    used 1645K, capacity 1730K, committed 1792K, reserved 1048576K
Event: 4.492 GC heap after
Heap after GC invocations=6 (full 0):
 PSYoungGen      total 268800K, used 8703K [0x000000076af80000, 0x000000077c480000, 0x00000007c0000000)
  eden space 260096K, 0% used [0x000000076af80000,0x000000076af80000,0x000000077ad80000)
  from space 8704K, 99% used [0x000000077b800000,0x000000077c07fda0,0x000000077c080000)
  to   space 10752K, 0% used [0x000000077ad80000,0x000000077ad80000,0x000000077b800000)
 ParOldGen       total 175104K, used 1768K [0x00000006c0e00000, 0x00000006cb900000, 0x000000076af80000)
  object space 175104K, 1% used [0x00000006c0e00000,0x00000006c0fba000,0x00000006cb900000)
 Metaspace       used 15950K, capacity 16152K, committed 16384K, reserved 1064960K
  class space    used 1645K, capacity 1730K, committed 1792K, reserved 1048576K
}
Event: 4.693 GC heap before
{Heap before GC invocations=7 (full 0):
 PSYoungGen      total 268800K, used 268799K [0x000000076af80000, 0x000000077c480000, 0x00000007c0000000)
  eden space 260096K, 100% used [0x000000076af80000,0x000000077ad80000,0x000000077ad80000)
  from space 8704K, 99% used [0x000000077b800000,0x000000077c07fda0,0x000000077c080000)
  to   space 10752K, 0% used [0x000000077ad80000,0x000000077ad80000,0x000000077b800000)
 ParOldGen       total 175104K, used 1768K [0x00000006c0e00000, 0x00000006cb900000, 0x000000076af80000)
  object space 175104K, 1% used [0x00000006c0e00000,0x00000006c0fba000,0x00000006cb900000)
 Metaspace       used 15954K, capacity 16152K, committed 16384K, reserved 1064960K
  class space    used 1645K, capacity 1730K, committed 1792K, reserved 1048576K
Event: 4.702 GC heap after
Heap after GC invocations=7 (full 0):
 PSYoungGen      total 270848K, used 8083K [0x000000076af80000, 0x000000078c080000, 0x00000007c0000000)
  eden space 260096K, 0% used [0x000000076af80000,0x000000076af80000,0x000000077ad80000)
  from space 10752K, 75% used [0x000000077ad80000,0x000000077b564f48,0x000000077b800000)
  to   space 10752K, 0% used [0x000000078b600000,0x000000078b600000,0x000000078c080000)
 ParOldGen       total 175104K, used 5838K [0x00000006c0e00000, 0x00000006cb900000, 0x000000076af80000)
  object space 175104K, 3% used [0x00000006c0e00000,0x00000006c13b3898,0x00000006cb900000)
 Metaspace       used 15954K, capacity 16152K, committed 16384K, reserved 1064960K
  class space    used 1645K, capacity 1730K, committed 1792K, reserved 1048576K
}
Event: 5.240 GC heap before
{Heap before GC invocations=8 (full 0):
 PSYoungGen      total 270848K, used 268179K [0x000000076af80000, 0x000000078c080000, 0x00000007c0000000)
  eden space 260096K, 100% used [0x000000076af80000,0x000000077ad80000,0x000000077ad80000)
  from space 10752K, 75% used [0x000000077ad80000,0x000000077b564f48,0x000000077b800000)
  to   space 10752K, 0% used [0x000000078b600000,0x000000078b600000,0x000000078c080000)
 ParOldGen       total 175104K, used 5838K [0x00000006c0e00000, 0x00000006cb900000, 0x000000076af80000)
  object space 175104K, 3% used [0x00000006c0e00000,0x00000006c13b3898,0x00000006cb900000)
 Metaspace       used 16158K, capacity 16376K, committed 16640K, reserved 1064960K
  class space    used 1661K, capacity 1762K, committed 1792K, reserved 1048576K
Event: 5.246 GC heap after
Heap after GC invocations=8 (full 0):
 PSYoungGen      total 529920K, used 6867K [0x000000076af80000, 0x000000078bf80000, 0x00000007c0000000)
  eden space 520192K, 0% used [0x000000076af80000,0x000000076af80000,0x000000078ab80000)
  from space 9728K, 70% used [0x000000078b600000,0x000000078bcb4f48,0x000000078bf80000)
  to   space 10240K, 0% used [0x000000078ab80000,0x000000078ab80000,0x000000078b580000)
 ParOldGen       total 175104K, used 7254K [0x00000006c0e00000, 0x00000006cb900000, 0x000000076af80000)
  object space 175104K, 4% used [0x00000006c0e00000,0x00000006c1515898,0x00000006cb900000)
 Metaspace       used 16158K, capacity 16376K, committed 16640K, reserved 1064960K
  class space    used 1661K, capacity 1762K, committed 1792K, reserved 1048576K
}

