# JRE version: Java(TM) SE Runtime Environment (8.0_65-b17) (build 1.8.0_65-b17)
# Java VM: Java HotSpot(TM) 64-Bit Server VM (25.65-b01 mixed mode windows-amd64 compressed oops)
Heap:
 PSYoungGen      total 531968K, used 340399K [0x000000076af80000, 0x000000078c180000, 0x00000007c0000000)
  eden space 521216K, 63% used [0x000000076af80000,0x000000077f53ee50,0x000000078ac80000)
  from space 10752K, 63% used [0x000000078b700000,0x000000078bdacf48,0x000000078c180000)
  to   space 10752K, 0% used [0x000000078ac80000,0x000000078ac80000,0x000000078b700000)
 ParOldGen       total 175104K, used 7382K [0x00000006c0e00000, 0x00000006cb900000, 0x000000076af80000)
  object space 175104K, 4% used [0x00000006c0e00000,0x00000006c1535898,0x00000006cb900000)
 Metaspace       used 16254K, capacity 16444K, committed 16640K, reserved 1064960K
  class space    used 1663K, capacity 1762K, committed 1792K, reserved 1048576K
GC Heap History (10 events):
Event: 4.411 GC heap before
{Heap before GC invocations=4 (full 0):
 PSYoungGen      total 76288K, used 71458K [0x000000076af80000, 0x0000000774480000, 0x00000007c0000000)
  eden space 65536K, 100% used [0x000000076af80000,0x000000076ef80000,0x000000076ef80000)
  from space 10752K, 55% used [0x000000076ef80000,0x000000076f548b20,0x000000076fa00000)
  to   space 10752K, 0% used [0x0000000773a00000,0x0000000773a00000,0x0000000774480000)
 ParOldGen       total 175104K, used 32K [0x00000006c0e00000, 0x00000006cb900000, 0x000000076af80000)
  object space 175104K, 0% used [0x00000006c0e00000,0x00000006c0e08000,0x00000006cb900000)
 Metaspace       used 16008K, capacity 16216K, committed 16384K, reserved 1064960K
  class space    used 1646K, capacity 1730K, committed 1792K, reserved 1048576K
Event: 4.416 GC heap after
Heap after GC invocations=4 (full 0):
 PSYoungGen      total 141824K, used 6768K [0x000000076af80000, 0x0000000774480000, 0x00000007c0000000)
  eden space 131072K, 0% used [0x000000076af80000,0x000000076af80000,0x0000000772f80000)
  from space 10752K, 62% used [0x0000000773a00000,0x000000077409c168,0x0000000774480000)
  to   space 10752K, 0% used [0x0000000772f80000,0x0000000772f80000,0x0000000773a00000)
 ParOldGen       total 175104K, used 32K [0x00000006c0e00000, 0x00000006cb900000, 0x000000076af80000)
  object space 175104K, 0% used [0x00000006c0e00000,0x00000006c0e08000,0x00000006cb900000)
 Metaspace       used 16008K, capacity 16216K, committed 16384K, reserved 1064960K
  class space    used 1646K, capacity 1730K, committed 1792K, reserved 1048576K
}
Event: 4.508 GC heap before
{Heap before GC invocations=5 (full 0):
 PSYoungGen      total 141824K, used 137840K [0x000000076af80000, 0x0000000774480000, 0x00000007c0000000)
  eden space 131072K, 100% used [0x000000076af80000,0x0000000772f80000,0x0000000772f80000)
  from space 10752K, 62% used [0x0000000773a00000,0x000000077409c168,0x0000000774480000)
  to   space 10752K, 0% used [0x0000000772f80000,0x0000000772f80000,0x0000000773a00000)
 ParOldGen       total 175104K, used 32K [0x00000006c0e00000, 0x00000006cb900000, 0x000000076af80000)
  object space 175104K, 0% used [0x00000006c0e00000,0x00000006c0e08000,0x00000006cb900000)
 Metaspace       used 16012K, capacity 16216K, committed 16384K, reserved 1064960K
  class space    used 1646K, capacity 1730K, committed 1792K, reserved 1048576K
Event: 4.515 GC heap after
Heap after GC invocations=5 (full 0):
 PSYoungGen      total 141824K, used 8602K [0x000000076af80000, 0x000000077c180000, 0x00000007c0000000)
  eden space 131072K, 0% used [0x000000076af80000,0x000000076af80000,0x0000000772f80000)
  from space 10752K, 80% used [0x0000000772f80000,0x00000007737e6838,0x0000000773a00000)
  to   space 9216K, 0% used [0x000000077b880000,0x000000077b880000,0x000000077c180000)
 ParOldGen       total 175104K, used 40K [0x00000006c0e00000, 0x00000006cb900000, 0x000000076af80000)
  object space 175104K, 0% used [0x00000006c0e00000,0x00000006c0e0a000,0x00000006cb900000)
 Metaspace       used 16012K, capacity 16216K, committed 16384K, reserved 1064960K
  class space    used 1646K, capacity 1730K, committed 1792K, reserved 1048576K
}
Event: 4.584 GC heap before
{Heap before GC invocations=6 (full 0):
 PSYoungGen      total 141824K, used 139674K [0x000000076af80000, 0x000000077c180000, 0x00000007c0000000)
  eden space 131072K, 100% used [0x000000076af80000,0x0000000772f80000,0x0000000772f80000)
  from space 10752K, 80% used [0x0000000772f80000,0x00000007737e6838,0x0000000773a00000)
  to   space 9216K, 0% used [0x000000077b880000,0x000000077b880000,0x000000077c180000)
 ParOldGen       total 175104K, used 40K [0x00000006c0e00000, 0x00000006cb900000, 0x000000076af80000)
  object space 175104K, 0% used [0x00000006c0e00000,0x00000006c0e0a000,0x00000006cb900000)
 Metaspace       used 16012K, capacity 16216K, committed 16384K, reserved 1064960K
  class space    used 1646K, capacity 1730K, committed 1792K, reserved 1048576K
Event: 4.591 GC heap after
Heap after GC invocations=6 (full 0):
 PSYoungGen      total 269824K, used 9199K [0x000000076af80000, 0x000000077c480000, 0x00000007c0000000)
  eden space 260608K, 0% used [0x000000076af80000,0x000000076af80000,0x000000077ae00000)
  from space 9216K, 99% used [0x000000077b880000,0x000000077c17bd90,0x000000077c180000)
  to   space 10752K, 0% used [0x000000077ae00000,0x000000077ae00000,0x000000077b880000)
 ParOldGen       total 175104K, used 1408K [0x00000006c0e00000, 0x00000006cb900000, 0x000000076af80000)
  object space 175104K, 0% used [0x00000006c0e00000,0x00000006c0f60000,0x00000006cb900000)
 Metaspace       used 16012K, capacity 16216K, committed 16384K, reserved 1064960K
  class space    used 1646K, capacity 1730K, committed 1792K, reserved 1048576K
}
Event: 4.793 GC heap before
{Heap before GC invocations=7 (full 0):
 PSYoungGen      total 269824K, used 269807K [0x000000076af80000, 0x000000077c480000, 0x00000007c0000000)
  eden space 260608K, 100% used [0x000000076af80000,0x000000077ae00000,0x000000077ae00000)
  from space 9216K, 99% used [0x000000077b880000,0x000000077c17bd90,0x000000077c180000)
  to   space 10752K, 0% used [0x000000077ae00000,0x000000077ae00000,0x000000077b880000)
 ParOldGen       total 175104K, used 1408K [0x00000006c0e00000, 0x00000006cb900000, 0x000000076af80000)
  object space 175104K, 0% used [0x00000006c0e00000,0x00000006c0f60000,0x00000006cb900000)
 Metaspace       used 16017K, capacity 16216K, committed 16384K, reserved 1064960K
  class space    used 1646K, capacity 1730K, committed 1792K, reserved 1048576K
Event: 4.803 GC heap after
Heap after GC invocations=7 (full 0):
 PSYoungGen      total 271360K, used 8019K [0x000000076af80000, 0x000000078c180000, 0x00000007c0000000)
  eden space 260608K, 0% used [0x000000076af80000,0x000000076af80000,0x000000077ae00000)
  from space 10752K, 74% used [0x000000077ae00000,0x000000077b5d4f48,0x000000077b880000)
  to   space 10752K, 0% used [0x000000078b700000,0x000000078b700000,0x000000078c180000)
 ParOldGen       total 175104K, used 5982K [0x00000006c0e00000, 0x00000006cb900000, 0x000000076af80000)
  object space 175104K, 3% used [0x00000006c0e00000,0x00000006c13d7898,0x00000006cb900000)
 Metaspace       used 16017K, capacity 16216K, committed 16384K, reserved 1064960K
  class space    used 1646K, capacity 1730K, committed 1792K, reserved 1048576K
}
Event: 5.764 GC heap before
{Heap before GC invocations=8 (full 0):
 PSYoungGen      total 271360K, used 268627K [0x000000076af80000, 0x000000078c180000, 0x00000007c0000000)
  eden space 260608K, 100% used [0x000000076af80000,0x000000077ae00000,0x000000077ae00000)
  from space 10752K, 74% used [0x000000077ae00000,0x000000077b5d4f48,0x000000077b880000)
  to   space 10752K, 0% used [0x000000078b700000,0x000000078b700000,0x000000078c180000)
 ParOldGen       total 175104K, used 5982K [0x00000006c0e00000, 0x00000006cb900000, 0x000000076af80000)
  object space 175104K, 3% used [0x00000006c0e00000,0x00000006c13d7898,0x00000006cb900000)
 Metaspace       used 16201K, capacity 16376K, committed 16640K, reserved 1064960K
  class space    used 1661K, capacity 1762K, committed 1792K, reserved 1048576K
Event: 5.770 GC heap after
Heap after GC invocations=8 (full 0):
 PSYoungGen      total 531968K, used 6835K [0x000000076af80000, 0x000000078c180000, 0x00000007c0000000)
  eden space 521216K, 0% used [0x000000076af80000,0x000000076af80000,0x000000078ac80000)
  from space 10752K, 63% used [0x000000078b700000,0x000000078bdacf48,0x000000078c180000)
  to   space 10752K, 0% used [0x000000078ac80000,0x000000078ac80000,0x000000078b700000)
 ParOldGen       total 175104K, used 7382K [0x00000006c0e00000, 0x00000006cb900000, 0x000000076af80000)
  object space 175104K, 4% used [0x00000006c0e00000,0x00000006c1535898,0x00000006cb900000)
 Metaspace       used 16201K, capacity 16376K, committed 16640K, reserved 1064960K
  class space    used 1661K, capacity 1762K, committed 1792K, reserved 1048576K
}

