# JRE version: Java(TM) SE Runtime Environment (8.0_65-b17) (build 1.8.0_65-b17)
# Java VM: Java HotSpot(TM) 64-Bit Server VM (25.65-b01 mixed mode windows-amd64 compressed oops)
Heap:
 PSYoungGen      total 529920K, used 318670K [0x000000076af80000, 0x000000078bf80000, 0x00000007c0000000)
  eden space 520192K, 59% used [0x000000076af80000,0x000000077dffe8c0,0x000000078ab80000)
  from space 9728K, 70% used [0x000000078b600000,0x000000078bcb4f48,0x000000078bf80000)
  to   space 10240K, 0% used [0x000000078ab80000,0x000000078ab80000,0x000000078b580000)
 ParOldGen       total 175104K, used 7230K [0x00000006c0e00000, 0x00000006cb900000, 0x000000076af80000)
  object space 175104K, 4% used [0x00000006c0e00000,0x00000006c150fb80,0x00000006cb900000)
 Metaspace       used 16184K, capacity 16376K, committed 16640K, reserved 1064960K
  class space    used 1660K, capacity 1762K, committed 1792K, reserved 1048576K
GC Heap History (10 events):
Event: 5.133 GC heap before
{Heap before GC invocations=4 (full 0):
 PSYoungGen      total 76288K, used 71362K [0x000000076af80000, 0x0000000774480000, 0x00000007c0000000)
  eden space 65536K, 100% used [0x000000076af80000,0x000000076ef80000,0x000000076ef80000)
  from space 10752K, 54% used [0x000000076ef80000,0x000000076f530b20,0x000000076fa00000)
  to   space 10752K, 0% used [0x0000000773a00000,0x0000000773a00000,0x0000000774480000)
 ParOldGen       total 175104K, used 24K [0x00000006c0e00000, 0x00000006cb900000, 0x000000076af80000)
  object space 175104K, 0% used [0x00000006c0e00000,0x00000006c0e06000,0x00000006cb900000)
 Metaspace       used 15939K, capacity 16152K, committed 16384K, reserved 1064960K
  class space    used 1643K, capacity 1730K, committed 1792K, reserved 1048576K
Event: 5.138 GC heap after
Heap after GC invocations=4 (full 0):
 PSYoungGen      total 141824K, used 6656K [0x000000076af80000, 0x0000000774480000, 0x00000007c0000000)
  eden space 131072K, 0% used [0x000000076af80000,0x000000076af80000,0x0000000772f80000)
  from space 10752K, 61% used [0x0000000773a00000,0x0000000774080368,0x0000000774480000)
  to   space 10752K, 0% used [0x0000000772f80000,0x0000000772f80000,0x0000000773a00000)
 ParOldGen       total 175104K, used 24K [0x00000006c0e00000, 0x00000006cb900000, 0x000000076af80000)
  object space 175104K, 0% used [0x00000006c0e00000,0x00000006c0e06000,0x00000006cb900000)
 Metaspace       used 15939K, capacity 16152K, committed 16384K, reserved 1064960K
  class space    used 1643K, capacity 1730K, committed 1792K, reserved 1048576K
}
Event: 5.230 GC heap before
{Heap before GC invocations=5 (full 0):
 PSYoungGen      total 141824K, used 137728K [0x000000076af80000, 0x0000000774480000, 0x00000007c0000000)
  eden space 131072K, 100% used [0x000000076af80000,0x0000000772f80000,0x0000000772f80000)
  from space 10752K, 61% used [0x0000000773a00000,0x0000000774080368,0x0000000774480000)
  to   space 10752K, 0% used [0x0000000772f80000,0x0000000772f80000,0x0000000773a00000)
 ParOldGen       total 175104K, used 24K [0x00000006c0e00000, 0x00000006cb900000, 0x000000076af80000)
  object space 175104K, 0% used [0x00000006c0e00000,0x00000006c0e06000,0x00000006cb900000)
 Metaspace       used 15943K, capacity 16152K, committed 16384K, reserved 1064960K
  class space    used 1643K, capacity 1730K, committed 1792K, reserved 1048576K
Event: 5.237 GC heap after
Heap after GC invocations=5 (full 0):
 PSYoungGen      total 141824K, used 8525K [0x000000076af80000, 0x000000077c080000, 0x00000007c0000000)
  eden space 131072K, 0% used [0x000000076af80000,0x000000076af80000,0x0000000772f80000)
  from space 10752K, 79% used [0x0000000772f80000,0x00000007737d34d8,0x0000000773a00000)
  to   space 8704K, 0% used [0x000000077b800000,0x000000077b800000,0x000000077c080000)
 ParOldGen       total 175104K, used 32K [0x00000006c0e00000, 0x00000006cb900000, 0x000000076af80000)
  object space 175104K, 0% used [0x00000006c0e00000,0x00000006c0e08000,0x00000006cb900000)
 Metaspace       used 15943K, capacity 16152K, committed 16384K, reserved 1064960K
  class space    used 1643K, capacity 1730K, committed 1792K, reserved 1048576K
}
Event: 5.308 GC heap before
{Heap before GC invocations=6 (full 0):
 PSYoungGen      total 141824K, used 139597K [0x000000076af80000, 0x000000077c080000, 0x00000007c0000000)
  eden space 131072K, 100% used [0x000000076af80000,0x0000000772f80000,0x0000000772f80000)
  from space 10752K, 79% used [0x0000000772f80000,0x00000007737d34d8,0x0000000773a00000)
  to   space 8704K, 0% used [0x000000077b800000,0x000000077b800000,0x000000077c080000)
 ParOldGen       total 175104K, used 32K [0x00000006c0e00000, 0x00000006cb900000, 0x000000076af80000)
  object space 175104K, 0% used [0x00000006c0e00000,0x00000006c0e08000,0x00000006cb900000)
 Metaspace       used 15943K, capacity 16152K, committed 16384K, reserved 1064960K
  class space    used 1643K, capacity 1730K, committed 1792K, reserved 1048576K
Event: 5.316 GC heap after
Heap after GC invocations=6 (full 0):
 PSYoungGen      total 268800K, used 8693K [0x000000076af80000, 0x000000077c480000, 0x00000007c0000000)
  eden space 260096K, 0% used [0x000000076af80000,0x000000076af80000,0x000000077ad80000)
  from space 8704K, 99% used [0x000000077b800000,0x000000077c07d4c0,0x000000077c080000)
  to   space 10752K, 0% used [0x000000077ad80000,0x000000077ad80000,0x000000077b800000)
 ParOldGen       total 175104K, used 1768K [0x00000006c0e00000, 0x00000006cb900000, 0x000000076af80000)
  object space 175104K, 1% used [0x00000006c0e00000,0x00000006c0fba000,0x00000006cb900000)
 Metaspace       used 15943K, capacity 16152K, committed 16384K, reserved 1064960K
  class space    used 1643K, capacity 1730K, committed 1792K, reserved 1048576K
}
Event: 5.525 GC heap before
{Heap before GC invocations=7 (full 0):
 PSYoungGen      total 268800K, used 268789K [0x000000076af80000, 0x000000077c480000, 0x00000007c0000000)
  eden space 260096K, 100% used [0x000000076af80000,0x000000077ad80000,0x000000077ad80000)
  from space 8704K, 99% used [0x000000077b800000,0x000000077c07d4c0,0x000000077c080000)
  to   space 10752K, 0% used [0x000000077ad80000,0x000000077ad80000,0x000000077b800000)
 ParOldGen       total 175104K, used 1768K [0x00000006c0e00000, 0x00000006cb900000, 0x000000076af80000)
  object space 175104K, 1% used [0x00000006c0e00000,0x00000006c0fba000,0x00000006cb900000)
 Metaspace       used 15947K, capacity 16152K, committed 16384K, reserved 1064960K
  class space    used 1643K, capacity 1730K, committed 1792K, reserved 1048576K
Event: 5.534 GC heap after
Heap after GC invocations=7 (full 0):
 PSYoungGen      total 270848K, used 8051K [0x000000076af80000, 0x000000078c080000, 0x00000007c0000000)
  eden space 260096K, 0% used [0x000000076af80000,0x000000076af80000,0x000000077ad80000)
  from space 10752K, 74% used [0x000000077ad80000,0x000000077b55cf48,0x000000077b800000)
  to   space 10752K, 0% used [0x000000078b600000,0x000000078b600000,0x000000078c080000)
 ParOldGen       total 175104K, used 5806K [0x00000006c0e00000, 0x00000006cb900000, 0x000000076af80000)
  object space 175104K, 3% used [0x00000006c0e00000,0x00000006c13abb80,0x00000006cb900000)
 Metaspace       used 15947K, capacity 16152K, committed 16384K, reserved 1064960K
  class space    used 1643K, capacity 1730K, committed 1792K, reserved 1048576K
}
Event: 6.004 GC heap before
{Heap before GC invocations=8 (full 0):
 PSYoungGen      total 270848K, used 268147K [0x000000076af80000, 0x000000078c080000, 0x00000007c0000000)
  eden space 260096K, 100% used [0x000000076af80000,0x000000077ad80000,0x000000077ad80000)
  from space 10752K, 74% used [0x000000077ad80000,0x000000077b55cf48,0x000000077b800000)
  to   space 10752K, 0% used [0x000000078b600000,0x000000078b600000,0x000000078c080000)
 ParOldGen       total 175104K, used 5806K [0x00000006c0e00000, 0x00000006cb900000, 0x000000076af80000)
  object space 175104K, 3% used [0x00000006c0e00000,0x00000006c13abb80,0x00000006cb900000)
 Metaspace       used 16113K, capacity 16312K, committed 16640K, reserved 1064960K
  class space    used 1658K, capacity 1762K, committed 1792K, reserved 1048576K
Event: 6.009 GC heap after
Heap after GC invocations=8 (full 0):
 PSYoungGen      total 529920K, used 6867K [0x000000076af80000, 0x000000078bf80000, 0x00000007c0000000)
  eden space 520192K, 0% used [0x000000076af80000,0x000000076af80000,0x000000078ab80000)
  from space 9728K, 70% used [0x000000078b600000,0x000000078bcb4f48,0x000000078bf80000)
  to   space 10240K, 0% used [0x000000078ab80000,0x000000078ab80000,0x000000078b580000)
 ParOldGen       total 175104K, used 7230K [0x00000006c0e00000, 0x00000006cb900000, 0x000000076af80000)
  object space 175104K, 4% used [0x00000006c0e00000,0x00000006c150fb80,0x00000006cb900000)
 Metaspace       used 16113K, capacity 16312K, committed 16640K, reserved 1064960K
  class space    used 1658K, capacity 1762K, committed 1792K, reserved 1048576K
}

